#
# A fatal error has been detected by the Java Runtime Environment:
#
#  EXCEPTION_ACCESS_VIOLATION (0xc0000005) at pc=0x2c975649, pid=19560, tid=0x000036cc
#
# JRE version: Java(TM) SE Runtime Environment (8.0_151-b12) (build 1.8.0_151-b12)
# Java VM: Java HotSpot(TM) Client VM (25.151-b12 mixed mode windows-x86 )
# Problematic frame:
# C  [Image.Helper.Pdf.dll+0x15649]
#
# Failed to write core dump. Minidumps are not enabled by default on client versions of Windows
#
# If you would like to submit a bug report, please visit:
#   http://bugreport.java.com/bugreport/crash.jsp
# The crash happened outside the Java Virtual Machine in native code.
# See problematic frame for where to report the bug.
#

---------------  T H R E A D  ---------------

Current thread (0x15433800):  JavaThread "http-nio-8080-exec-4" daemon [_thread_in_native, id=14028, stack(0x19630000,0x19680000)]

siginfo: ExceptionCode=0xc0000005, reading address 0x00000000

Registers:
EAX=0x00000000, EBX=0x00000001, ECX=0x00000000, EDX=0x00000041
ESP=0x1967e050, EBP=0x1967e0b8, ESI=0x00000000, EDI=0x744b3f90
EIP=0x2c975649, EFLAGS=0x00010246

Top of Stack: (sp=0x1967e050)
0x1967e050:   00001900 2c98f098 00000001 1a66d6e0
0x1967e060:   1967e070 775b5b32 00000000 00000000
0x1967e070:   00000050 00000050 00000050 2d522686
0x1967e080:   2d59b9cc 00000216 2d59b918 1967e0c4
0x1967e090:   2d547347 00000216 2d59b918 00000000
0x1967e0a0:   1a66d6e0 2d55a836 00000000 00000000
0x1967e0b0:   2d59b6e8 00000000 1967e2bc 2c9633e4
0x1967e0c0:   1967e0d8 1ba20494 00016d00 00000000 

Instructions: (pc=0x2c975649)
0x2c975629:   c6 40 04 00 c6 80 84 00 00 00 00 8b 15 1c 04 99
0x2c975639:   2c 52 89 75 fc 89 75 f4 89 75 f0 ff d7 89 45 e4
0x2c975649:   8b 00 8b 50 08 8d 4d a4 68 00 10 96 2c 51 ff d2
0x2c975659:   8d 45 a4 56 50 e8 01 12 01 00 83 c4 10 85 c0 0f 


Register to memory mapping:

EAX=0x00000000 is an unknown value
EBX=0x00000001 is an unknown value
ECX=0x00000000 is an unknown value
EDX=0x00000041 is an unknown value
ESP=0x1967e050 is pointing into the stack for thread: 0x15433800
EBP=0x1967e0b8 is pointing into the stack for thread: 0x15433800
ESI=0x00000000 is an unknown value
EDI=0x744b3f90 is an unknown value


Stack: [0x19630000,0x19680000],  sp=0x1967e050,  free space=312k
Native frames: (J=compiled Java code, j=interpreted, Vv=VM code, C=native code)
C  [Image.Helper.Pdf.dll+0x15649]
C  [Image.Helper.Pdf.dll+0x33e4]
C  [image.format.pdf.dll+0x5f249]

Java frames: (J=compiled Java code, j=interpreted, Vv=VM code)
j  com.abbyy.FREngine.IEngine.CreateFRDocumentFromImage(Ljava/lang/String;Lcom/abbyy/FREngine/IPrepareImageMode;)Lcom/abbyy/FREngine/IFRDocument;+0
j  com.everis.ocr.FinereaderImplementation.getNumPags(Ljava/lang/String;)Ljava/lang/Integer;+17
j  com.everis.finereadercontrol.logic.FineReaderControl.getNumPags(Ljava/lang/String;)Ljava/lang/Integer;+5
j  com.everis.ocrservice.FineReaderController.ocrFineReader(Ljava/lang/String;Ljavax/servlet/http/HttpServletRequest;)Ljava/lang/String;+69
v  ~StubRoutines::call_stub
J 2143  sun.reflect.NativeMethodAccessorImpl.invoke0(Ljava/lang/reflect/Method;Ljava/lang/Object;[Ljava/lang/Object;)Ljava/lang/Object; (0 bytes) @ 0x0317c8dd [0x0317c860+0x7d]
J 2142 C1 sun.reflect.NativeMethodAccessorImpl.invoke(Ljava/lang/Object;[Ljava/lang/Object;)Ljava/lang/Object; (104 bytes) @ 0x0317ce24 [0x0317cb80+0x2a4]
J 560 C1 sun.reflect.DelegatingMethodAccessorImpl.invoke(Ljava/lang/Object;[Ljava/lang/Object;)Ljava/lang/Object; (10 bytes) @ 0x02ed8dc0 [0x02ed8d90+0x30]
J 559 C1 java.lang.reflect.Method.invoke(Ljava/lang/Object;[Ljava/lang/Object;)Ljava/lang/Object; (62 bytes) @ 0x02ed8ad4 [0x02ed8a00+0xd4]
j  org.springframework.web.method.support.InvocableHandlerMethod.doInvoke([Ljava/lang/Object;)Ljava/lang/Object;+16
j  org.springframework.web.method.support.InvocableHandlerMethod.invokeForRequest(Lorg/springframework/web/context/request/NativeWebRequest;Lorg/springframework/web/method/support/ModelAndViewContainer;[Ljava/lang/Object;)Ljava/lang/Object;+75
j  org.springframework.web.servlet.mvc.method.annotation.ServletInvocableHandlerMethod.invokeAndHandle(Lorg/springframework/web/context/request/ServletWebRequest;Lorg/springframework/web/method/support/ModelAndViewContainer;[Ljava/lang/Object;)V+4
j  org.springframework.web.servlet.mvc.method.annotation.RequestMappingHandlerAdapter.invokeHandlerMethod(Ljavax/servlet/http/HttpServletRequest;Ljavax/servlet/http/HttpServletResponse;Lorg/springframework/web/method/HandlerMethod;)Lorg/springframework/web/servlet/ModelAndView;+262
j  org.springframework.web.servlet.mvc.method.annotation.RequestMappingHandlerAdapter.handleInternal(Ljavax/servlet/http/HttpServletRequest;Ljavax/servlet/http/HttpServletResponse;Lorg/springframework/web/method/HandlerMethod;)Lorg/springframework/web/servlet/ModelAndView;+81
j  org.springframework.web.servlet.mvc.method.AbstractHandlerMethodAdapter.handle(Ljavax/servlet/http/HttpServletRequest;Ljavax/servlet/http/HttpServletResponse;Ljava/lang/Object;)Lorg/springframework/web/servlet/ModelAndView;+7
j  org.springframework.web.servlet.DispatcherServlet.doDispatch(Ljavax/servlet/http/HttpServletRequest;Ljavax/servlet/http/HttpServletResponse;)V+318
j  org.springframework.web.servlet.DispatcherServlet.doService(Ljavax/servlet/http/HttpServletRequest;Ljavax/servlet/http/HttpServletResponse;)V+301
j  org.springframework.web.servlet.FrameworkServlet.processRequest(Ljavax/servlet/http/HttpServletRequest;Ljavax/servlet/http/HttpServletResponse;)V+71
j  org.springframework.web.servlet.FrameworkServlet.doPost(Ljavax/servlet/http/HttpServletRequest;Ljavax/servlet/http/HttpServletResponse;)V+3
j  javax.servlet.http.HttpServlet.service(Ljavax/servlet/http/HttpServletRequest;Ljavax/servlet/http/HttpServletResponse;)V+149
j  org.springframework.web.servlet.FrameworkServlet.service(Ljavax/servlet/http/HttpServletRequest;Ljavax/servlet/http/HttpServletResponse;)V+33
j  javax.servlet.http.HttpServlet.service(Ljavax/servlet/ServletRequest;Ljavax/servlet/ServletResponse;)V+30
j  org.apache.catalina.core.ApplicationFilterChain.internalDoFilter(Ljavax/servlet/ServletRequest;Ljavax/servlet/ServletResponse;)V+304
j  org.apache.catalina.core.ApplicationFilterChain.doFilter(Ljavax/servlet/ServletRequest;Ljavax/servlet/ServletResponse;)V+101
j  org.apache.tomcat.websocket.server.WsFilter.doFilter(Ljavax/servlet/ServletRequest;Ljavax/servlet/ServletResponse;Ljavax/servlet/FilterChain;)V+21
j  org.apache.catalina.core.ApplicationFilterChain.internalDoFilter(Ljavax/servlet/ServletRequest;Ljavax/servlet/ServletResponse;)V+135
j  org.apache.catalina.core.ApplicationFilterChain.doFilter(Ljavax/servlet/ServletRequest;Ljavax/servlet/ServletResponse;)V+101
j  com.everis.security.JwtFilter.doFilter(Ljavax/servlet/ServletRequest;Ljavax/servlet/ServletResponse;Ljavax/servlet/FilterChain;)V+223
j  org.apache.catalina.core.ApplicationFilterChain.internalDoFilter(Ljavax/servlet/ServletRequest;Ljavax/servlet/ServletResponse;)V+135
j  org.apache.catalina.core.ApplicationFilterChain.doFilter(Ljavax/servlet/ServletRequest;Ljavax/servlet/ServletResponse;)V+101
j  org.springframework.web.filter.CorsFilter.doFilterInternal(Ljavax/servlet/http/HttpServletRequest;Ljavax/servlet/http/HttpServletResponse;Ljavax/servlet/FilterChain;)V+55
j  org.springframework.web.filter.OncePerRequestFilter.doFilter(Ljavax/servlet/ServletRequest;Ljavax/servlet/ServletResponse;Ljavax/servlet/FilterChain;)V+111
j  org.apache.catalina.core.ApplicationFilterChain.internalDoFilter(Ljavax/servlet/ServletRequest;Ljavax/servlet/ServletResponse;)V+135
j  org.apache.catalina.core.ApplicationFilterChain.doFilter(Ljavax/servlet/ServletRequest;Ljavax/servlet/ServletResponse;)V+101
j  org.springframework.web.filter.RequestContextFilter.doFilterInternal(Ljavax/servlet/http/HttpServletRequest;Ljavax/servlet/http/HttpServletResponse;Ljavax/servlet/FilterChain;)V+21
j  org.springframework.web.filter.OncePerRequestFilter.doFilter(Ljavax/servlet/ServletRequest;Ljavax/servlet/ServletResponse;Ljavax/servlet/FilterChain;)V+111
j  org.apache.catalina.core.ApplicationFilterChain.internalDoFilter(Ljavax/servlet/ServletRequest;Ljavax/servlet/ServletResponse;)V+135
j  org.apache.catalina.core.ApplicationFilterChain.doFilter(Ljavax/servlet/ServletRequest;Ljavax/servlet/ServletResponse;)V+101
j  org.springframework.web.filter.HttpPutFormContentFilter.doFilterInternal(Ljavax/servlet/http/HttpServletRequest;Ljavax/servlet/http/HttpServletResponse;Ljavax/servlet/FilterChain;)V+95
j  org.springframework.web.filter.OncePerRequestFilter.doFilter(Ljavax/servlet/ServletRequest;Ljavax/servlet/ServletResponse;Ljavax/servlet/FilterChain;)V+111
j  org.apache.catalina.core.ApplicationFilterChain.internalDoFilter(Ljavax/servlet/ServletRequest;Ljavax/servlet/ServletResponse;)V+135
j  org.apache.catalina.core.ApplicationFilterChain.doFilter(Ljavax/servlet/ServletRequest;Ljavax/servlet/ServletResponse;)V+101
j  org.springframework.web.filter.HiddenHttpMethodFilter.doFilterInternal(Ljavax/servlet/http/HttpServletRequest;Ljavax/servlet/http/HttpServletResponse;Ljavax/servlet/FilterChain;)V+64
j  org.springframework.web.filter.OncePerRequestFilter.doFilter(Ljavax/servlet/ServletRequest;Ljavax/servlet/ServletResponse;Ljavax/servlet/FilterChain;)V+111
j  org.apache.catalina.core.ApplicationFilterChain.internalDoFilter(Ljavax/servlet/ServletRequest;Ljavax/servlet/ServletResponse;)V+135
j  org.apache.catalina.core.ApplicationFilterChain.doFilter(Ljavax/servlet/ServletRequest;Ljavax/servlet/ServletResponse;)V+101
j  org.springframework.web.filter.CharacterEncodingFilter.doFilterInternal(Ljavax/servlet/http/HttpServletRequest;Ljavax/servlet/http/HttpServletResponse;Ljavax/servlet/FilterChain;)V+53
j  org.springframework.web.filter.OncePerRequestFilter.doFilter(Ljavax/servlet/ServletRequest;Ljavax/servlet/ServletResponse;Ljavax/servlet/FilterChain;)V+111
j  org.apache.catalina.core.ApplicationFilterChain.internalDoFilter(Ljavax/servlet/ServletRequest;Ljavax/servlet/ServletResponse;)V+135
j  org.apache.catalina.core.ApplicationFilterChain.doFilter(Ljavax/servlet/ServletRequest;Ljavax/servlet/ServletResponse;)V+101
j  org.apache.catalina.core.StandardWrapperValve.invoke(Lorg/apache/catalina/connector/Request;Lorg/apache/catalina/connector/Response;)V+688
j  org.apache.catalina.core.StandardContextValve.invoke(Lorg/apache/catalina/connector/Request;Lorg/apache/catalina/connector/Response;)V+166
j  org.apache.catalina.authenticator.AuthenticatorBase.invoke(Lorg/apache/catalina/connector/Request;Lorg/apache/catalina/connector/Response;)V+272
j  org.apache.catalina.core.StandardHostValve.invoke(Lorg/apache/catalina/connector/Request;Lorg/apache/catalina/connector/Response;)V+138
j  org.apache.catalina.valves.ErrorReportValve.invoke(Lorg/apache/catalina/connector/Request;Lorg/apache/catalina/connector/Response;)V+6
j  org.apache.catalina.core.StandardEngineValve.invoke(Lorg/apache/catalina/connector/Request;Lorg/apache/catalina/connector/Response;)V+71
j  org.apache.catalina.connector.CoyoteAdapter.service(Lorg/apache/coyote/Request;Lorg/apache/coyote/Response;)V+199
j  org.apache.coyote.http11.Http11Processor.service(Lorg/apache/tomcat/util/net/SocketWrapperBase;)Lorg/apache/tomcat/util/net/AbstractEndpoint$Handler$SocketState;+806
j  org.apache.coyote.AbstractProcessorLight.process(Lorg/apache/tomcat/util/net/SocketWrapperBase;Lorg/apache/tomcat/util/net/SocketEvent;)Lorg/apache/tomcat/util/net/AbstractEndpoint$Handler$SocketState;+113
j  org.apache.coyote.AbstractProtocol$ConnectionHandler.process(Lorg/apache/tomcat/util/net/SocketWrapperBase;Lorg/apache/tomcat/util/net/SocketEvent;)Lorg/apache/tomcat/util/net/AbstractEndpoint$Handler$SocketState;+378
j  org.apache.tomcat.util.net.NioEndpoint$SocketProcessor.doRun()V+191
j  org.apache.tomcat.util.net.SocketProcessorBase.run()V+21
j  java.util.concurrent.ThreadPoolExecutor.runWorker(Ljava/util/concurrent/ThreadPoolExecutor$Worker;)V+95
j  java.util.concurrent.ThreadPoolExecutor$Worker.run()V+5
j  org.apache.tomcat.util.threads.TaskThread$WrappingRunnable.run()V+4
j  java.lang.Thread.run()V+11
v  ~StubRoutines::call_stub

---------------  P R O C E S S  ---------------

Java Threads: ( => current thread )
  0x17bc2000 JavaThread "DestroyJavaVM" [_thread_blocked, id=16352, stack(0x02800000,0x02850000)]
  0x17bbfc00 JavaThread "http-nio-8080-AsyncTimeout" daemon [_thread_blocked, id=18572, stack(0x19cd0000,0x19d20000)]
  0x17bc6c00 JavaThread "http-nio-8080-Acceptor-0" daemon [_thread_in_native, id=2220, stack(0x19c40000,0x19c90000)]
  0x17bc0000 JavaThread "http-nio-8080-ClientPoller-1" daemon [_thread_in_native, id=13668, stack(0x19bb0000,0x19c00000)]
  0x17bc1000 JavaThread "http-nio-8080-ClientPoller-0" daemon [_thread_in_native, id=19840, stack(0x19b20000,0x19b70000)]
  0x17bc3c00 JavaThread "http-nio-8080-exec-10" daemon [_thread_blocked, id=8772, stack(0x19a90000,0x19ae0000)]
  0x17bc3400 JavaThread "http-nio-8080-exec-9" daemon [_thread_blocked, id=12384, stack(0x19a00000,0x19a50000)]
  0x17bc1c00 JavaThread "http-nio-8080-exec-8" daemon [_thread_blocked, id=20196, stack(0x19870000,0x198c0000)]
  0x17bc4c00 JavaThread "http-nio-8080-exec-7" daemon [_thread_blocked, id=20416, stack(0x197e0000,0x19830000)]
  0x17bc6800 JavaThread "http-nio-8080-exec-6" daemon [_thread_blocked, id=9052, stack(0x19750000,0x197a0000)]
  0x17bc0800 JavaThread "http-nio-8080-exec-5" daemon [_thread_blocked, id=16192, stack(0x196c0000,0x19710000)]
=>0x15433800 JavaThread "http-nio-8080-exec-4" daemon [_thread_in_native, id=14028, stack(0x19630000,0x19680000)]
  0x15432c00 JavaThread "http-nio-8080-exec-3" daemon [_thread_blocked, id=20284, stack(0x195a0000,0x195f0000)]
  0x15432400 JavaThread "http-nio-8080-exec-2" daemon [_thread_blocked, id=9280, stack(0x19510000,0x19560000)]
  0x15436000 JavaThread "http-nio-8080-exec-1" daemon [_thread_blocked, id=17592, stack(0x19480000,0x194d0000)]
  0x15435800 JavaThread "NioBlockingSelector.BlockPoller-1" daemon [_thread_in_native, id=19904, stack(0x193f0000,0x19440000)]
  0x15434c00 JavaThread "container-0" [_thread_blocked, id=20104, stack(0x19160000,0x191b0000)]
  0x15434400 JavaThread "ContainerBackgroundProcessor[StandardEngine[Tomcat]]" daemon [_thread_blocked, id=15984, stack(0x190d0000,0x19120000)]
  0x15435000 JavaThread "Tomcat JDBC Pool Cleaner[11840194:1516104199182]" daemon [_thread_blocked, id=19992, stack(0x187b0000,0x18800000)]
  0x15a5d000 JavaThread "RMI TCP Connection(idle)" daemon [_thread_blocked, id=20020, stack(0x16410000,0x16460000)]
  0x15a5cc00 JavaThread "RMI Scheduler(0)" daemon [_thread_blocked, id=19000, stack(0x16380000,0x163d0000)]
  0x159a3800 JavaThread "RMI TCP Accept-0" daemon [_thread_in_native, id=20432, stack(0x15ec0000,0x15f10000)]
  0x1597e400 JavaThread "RMI TCP Accept-56450" daemon [_thread_in_native, id=20304, stack(0x15e30000,0x15e80000)]
  0x15974000 JavaThread "RMI TCP Accept-0" daemon [_thread_in_native, id=20236, stack(0x15da0000,0x15df0000)]
  0x157e5c00 JavaThread "Service Thread" daemon [_thread_blocked, id=19968, stack(0x15bf0000,0x15c40000)]
  0x157e3000 JavaThread "C1 CompilerThread0" daemon [_thread_blocked, id=20396, stack(0x15b60000,0x15bb0000)]
  0x157e2400 JavaThread "Monitor Ctrl-Break" daemon [_thread_in_native, id=16284, stack(0x15ad0000,0x15b20000)]
  0x15290000 JavaThread "Attach Listener" daemon [_thread_blocked, id=17816, stack(0x15640000,0x15690000)]
  0x1528e000 JavaThread "Signal Dispatcher" daemon [_thread_blocked, id=10628, stack(0x155b0000,0x15600000)]
  0x15279c00 JavaThread "Finalizer" daemon [_thread_blocked, id=4060, stack(0x04db0000,0x04e00000)]
  0x15267800 JavaThread "Reference Handler" daemon [_thread_blocked, id=16152, stack(0x02cf0000,0x02d40000)]

Other Threads:
  0x15261800 VMThread [stack: 0x02c60000,0x02cb0000] [id=4784]
  0x15992000 WatcherThread [stack: 0x15f50000,0x15fa0000] [id=10856]

VM state:not at safepoint (normal execution)

VM Mutex/Monitor currently owned by a thread: None

Heap:
 def new generation   total 14976K, used 10289K [0x04e00000, 0x05e30000, 0x0a350000)
  eden space 13376K,  76% used [0x04e00000, 0x0580c440, 0x05b10000)
  from space 1600K,   0% used [0x05b10000, 0x05b10000, 0x05ca0000)
  to   space 1600K,   0% used [0x05ca0000, 0x05ca0000, 0x05e30000)
 tenured generation   total 33052K, used 18412K [0x0a350000, 0x0c397000, 0x14e00000)
   the space 33052K,  55% used [0x0a350000, 0x0b54b168, 0x0b54b200, 0x0c397000)
 Metaspace       used 30525K, capacity 30764K, committed 31104K, reserved 31104K

Card table byte_map: [0x02b70000,0x02c00000] byte_map_base: 0x02b49000

Polling page: 0x023b0000

CodeCache: size=32768Kb used=4406Kb max_used=4438Kb free=28361Kb
 bounds [0x02d70000, 0x031c8000, 0x04d70000]
 total_blobs=2509 nmethods=2288 adapters=151
 compilation: enabled

Compilation events (10 events):
Event: 121.638 Thread 0x157e3000 2367             java.nio.Bits::short1 (6 bytes)
Event: 121.638 Thread 0x157e3000 nmethod 2367 0x031c6388 code [0x031c6480, 0x031c6500]
Event: 121.648 Thread 0x157e3000 2368             com.microsoft.sqlserver.jdbc.StreamDone::<init> (5 bytes)
Event: 121.649 Thread 0x157e3000 nmethod 2368 0x031c6548 code [0x031c6640, 0x031c66c0]
Event: 121.649 Thread 0x157e3000 2369             com.microsoft.sqlserver.jdbc.StreamPacket::<init> (10 bytes)
Event: 121.650 Thread 0x157e3000 nmethod 2369 0x02e1a7c8 code [0x02e1a8c0, 0x02e1a940]
Event: 121.650 Thread 0x157e3000 2370             com.microsoft.sqlserver.jdbc.StreamDone::setFromTDS (99 bytes)
Event: 121.651 Thread 0x157e3000 nmethod 2370 0x02e1c3c8 code [0x02e1c510, 0x02e1c6c8]
Event: 121.651 Thread 0x157e3000 2371             java.io.WinNTFileSystem::normalize (231 bytes)
Event: 121.654 Thread 0x157e3000 nmethod 2371 0x02e160c8 code [0x02e16370, 0x02e17fc8]

GC Heap History (10 events):
Event: 10.315 GC heap before
{Heap before GC invocations=89 (full 3):
 def new generation   total 14976K, used 14593K [0x04e00000, 0x05e30000, 0x0a350000)
  eden space 13376K, 100% used [0x04e00000, 0x05b10000, 0x05b10000)
  from space 1600K,  76% used [0x05b10000, 0x05c40608, 0x05ca0000)
  to   space 1600K,   0% used [0x05ca0000, 0x05ca0000, 0x05e30000)
 tenured generation   total 33052K, used 25863K [0x0a350000, 0x0c397000, 0x14e00000)
   the space 33052K,  78% used [0x0a350000, 0x0bc91cd0, 0x0bc91e00, 0x0c397000)
 Metaspace       used 27332K, capacity 27628K, committed 27776K, reserved 28032K
Event: 10.322 GC heap after
Heap after GC invocations=90 (full 3):
 def new generation   total 14976K, used 1112K [0x04e00000, 0x05e30000, 0x0a350000)
  eden space 13376K,   0% used [0x04e00000, 0x04e00000, 0x05b10000)
  from space 1600K,  69% used [0x05ca0000, 0x05db62f8, 0x05e30000)
  to   space 1600K,   0% used [0x05b10000, 0x05b10000, 0x05ca0000)
 tenured generation   total 33052K, used 26134K [0x0a350000, 0x0c397000, 0x14e00000)
   the space 33052K,  79% used [0x0a350000, 0x0bcd5b80, 0x0bcd5c00, 0x0c397000)
 Metaspace       used 27332K, capacity 27628K, committed 27776K, reserved 28032K
}
Event: 37.043 GC heap before
{Heap before GC invocations=90 (full 3):
 def new generation   total 14976K, used 14488K [0x04e00000, 0x05e30000, 0x0a350000)
  eden space 13376K, 100% used [0x04e00000, 0x05b10000, 0x05b10000)
  from space 1600K,  69% used [0x05ca0000, 0x05db62f8, 0x05e30000)
  to   space 1600K,   0% used [0x05b10000, 0x05b10000, 0x05ca0000)
 tenured generation   total 33052K, used 26134K [0x0a350000, 0x0c397000, 0x14e00000)
   the space 33052K,  79% used [0x0a350000, 0x0bcd5b80, 0x0bcd5c00, 0x0c397000)
 Metaspace       used 28120K, capacity 28428K, committed 28544K, reserved 29056K
Event: 37.053 GC heap after
Heap after GC invocations=91 (full 3):
 def new generation   total 14976K, used 1600K [0x04e00000, 0x05e30000, 0x0a350000)
  eden space 13376K,   0% used [0x04e00000, 0x04e00000, 0x05b10000)
  from space 1600K, 100% used [0x05b10000, 0x05ca0000, 0x05ca0000)
  to   space 1600K,   0% used [0x05ca0000, 0x05ca0000, 0x05e30000)
 tenured generation   total 33052K, used 26923K [0x0a350000, 0x0c397000, 0x14e00000)
   the space 33052K,  81% used [0x0a350000, 0x0bd9ace0, 0x0bd9ae00, 0x0c397000)
 Metaspace       used 28120K, capacity 28428K, committed 28544K, reserved 29056K
}
Event: 37.285 GC heap before
{Heap before GC invocations=91 (full 3):
 def new generation   total 14976K, used 14976K [0x04e00000, 0x05e30000, 0x0a350000)
  eden space 13376K, 100% used [0x04e00000, 0x05b10000, 0x05b10000)
  from space 1600K, 100% used [0x05b10000, 0x05ca0000, 0x05ca0000)
  to   space 1600K,   0% used [0x05ca0000, 0x05ca0000, 0x05e30000)
 tenured generation   total 33052K, used 26923K [0x0a350000, 0x0c397000, 0x14e00000)
   the space 33052K,  81% used [0x0a350000, 0x0bd9ace0, 0x0bd9ae00, 0x0c397000)
 Metaspace       used 29116K, capacity 29420K, committed 29568K, reserved 30080K
Event: 37.295 GC heap after
Heap after GC invocations=92 (full 3):
 def new generation   total 14976K, used 1562K [0x04e00000, 0x05e30000, 0x0a350000)
  eden space 13376K,   0% used [0x04e00000, 0x04e00000, 0x05b10000)
  from space 1600K,  97% used [0x05ca0000, 0x05e26be0, 0x05e30000)
  to   space 1600K,   0% used [0x05b10000, 0x05b10000, 0x05ca0000)
 tenured generation   total 33052K, used 28024K [0x0a350000, 0x0c397000, 0x14e00000)
   the space 33052K,  84% used [0x0a350000, 0x0beae020, 0x0beae200, 0x0c397000)
 Metaspace       used 29116K, capacity 29420K, committed 29568K, reserved 30080K
}
Event: 48.041 GC heap before
{Heap before GC invocations=92 (full 3):
 def new generation   total 14976K, used 14938K [0x04e00000, 0x05e30000, 0x0a350000)
  eden space 13376K, 100% used [0x04e00000, 0x05b10000, 0x05b10000)
  from space 1600K,  97% used [0x05ca0000, 0x05e26be0, 0x05e30000)
  to   space 1600K,   0% used [0x05b10000, 0x05b10000, 0x05ca0000)
 tenured generation   total 33052K, used 28024K [0x0a350000, 0x0c397000, 0x14e00000)
   the space 33052K,  84% used [0x0a350000, 0x0beae020, 0x0beae200, 0x0c397000)
 Metaspace       used 30096K, capacity 30385K, committed 30592K, reserved 31104K
Event: 48.047 GC heap after
Heap after GC invocations=93 (full 3):
 def new generation   total 14976K, used 1431K [0x04e00000, 0x05e30000, 0x0a350000)
  eden space 13376K,   0% used [0x04e00000, 0x04e00000, 0x05b10000)
  from space 1600K,  89% used [0x05b10000, 0x05c75f28, 0x05ca0000)
  to   space 1600K,   0% used [0x05ca0000, 0x05ca0000, 0x05e30000)
 tenured generation   total 33052K, used 28382K [0x0a350000, 0x0c397000, 0x14e00000)
   the space 33052K,  85% used [0x0a350000, 0x0bf07ba0, 0x0bf07c00, 0x0c397000)
 Metaspace       used 30096K, capacity 30385K, committed 30592K, reserved 31104K
}
Event: 54.738 GC heap before
{Heap before GC invocations=93 (full 3):
 def new generation   total 14976K, used 6734K [0x04e00000, 0x05e30000, 0x0a350000)
  eden space 13376K,  39% used [0x04e00000, 0x0532da48, 0x05b10000)
  from space 1600K,  89% used [0x05b10000, 0x05c75f28, 0x05ca0000)
  to   space 1600K,   0% used [0x05ca0000, 0x05ca0000, 0x05e30000)
 tenured generation   total 33052K, used 28382K [0x0a350000, 0x0c397000, 0x14e00000)
   the space 33052K,  85% used [0x0a350000, 0x0bf07ba0, 0x0bf07c00, 0x0c397000)
 Metaspace       used 30349K, capacity 30651K, committed 30848K, reserved 31104K
Event: 54.823 GC heap after
Heap after GC invocations=94 (full 4):
 def new generation   total 14976K, used 0K [0x04e00000, 0x05e30000, 0x0a350000)
  eden space 13376K,   0% used [0x04e00000, 0x04e00000, 0x05b10000)
  from space 1600K,   0% used [0x05b10000, 0x05b10000, 0x05ca0000)
  to   space 1600K,   0% used [0x05ca0000, 0x05ca0000, 0x05e30000)
 tenured generation   total 33052K, used 18412K [0x0a350000, 0x0c397000, 0x14e00000)
   the space 33052K,  55% used [0x0a350000, 0x0b54b168, 0x0b54b200, 0x0c397000)
 Metaspace       used 30198K, capacity 30456K, committed 30848K, reserved 31104K
}

Deoptimization events (0 events):
No events

Internal exceptions (10 events):
Event: 87.728 Thread 0x15432c00 Exception <a 'java/io/FileNotFoundException'> (0x054ce6d8) thrown at [C:\workspace\8-2-build-windows-i586-cygwin\jdk8u151\9699\hotspot\src\share\vm\prims\jni.cpp, line 709]
Event: 90.548 Thread 0x15432c00 Exception <a 'java/lang/reflect/InvocationTargetException'> (0x054e52f0) thrown at [C:\workspace\8-2-build-windows-i586-cygwin\jdk8u151\9699\hotspot\src\share\vm\runtime\reflection.cpp, line 1092]
Event: 90.655 Thread 0x15432c00 Exception <a 'java/lang/ArrayIndexOutOfBoundsException': 149> (0x05714e18) thrown at [C:\workspace\8-2-build-windows-i586-cygwin\jdk8u151\9699\hotspot\src\share\vm\interpreter\interpreterRuntime.cpp, line 366]
Event: 121.621 Thread 0x15433800 Exception <a 'java/lang/ArrayIndexOutOfBoundsException'> (0x0574b588) thrown at [C:\workspace\8-2-build-windows-i586-cygwin\jdk8u151\9699\hotspot\src\share\vm\runtime\sharedRuntime.cpp, line 605]
Event: 121.621 Thread 0x15433800 Exception <a 'java/lang/ArrayIndexOutOfBoundsException'> (0x0574e980) thrown at [C:\workspace\8-2-build-windows-i586-cygwin\jdk8u151\9699\hotspot\src\share\vm\runtime\sharedRuntime.cpp, line 605]
Event: 121.622 Thread 0x15433800 Exception <a 'java/lang/ArrayIndexOutOfBoundsException'> (0x05750e00) thrown at [C:\workspace\8-2-build-windows-i586-cygwin\jdk8u151\9699\hotspot\src\share\vm\runtime\sharedRuntime.cpp, line 605]
Event: 121.636 Thread 0x15433800 Exception <a 'java/lang/ArrayIndexOutOfBoundsException'> (0x05787c20) thrown at [C:\workspace\8-2-build-windows-i586-cygwin\jdk8u151\9699\hotspot\src\share\vm\runtime\sharedRuntime.cpp, line 605]
Event: 121.636 Thread 0x15433800 Exception <a 'java/lang/ArrayIndexOutOfBoundsException'> (0x0578b018) thrown at [C:\workspace\8-2-build-windows-i586-cygwin\jdk8u151\9699\hotspot\src\share\vm\runtime\sharedRuntime.cpp, line 605]
Event: 121.636 Thread 0x15433800 Exception <a 'java/lang/ArrayIndexOutOfBoundsException'> (0x0578d678) thrown at [C:\workspace\8-2-build-windows-i586-cygwin\jdk8u151\9699\hotspot\src\share\vm\runtime\sharedRuntime.cpp, line 605]
Event: 121.723 Thread 0x15433800 Exception <a 'java/io/FileNotFoundException'> (0x057fb928) thrown at [C:\workspace\8-2-build-windows-i586-cygwin\jdk8u151\9699\hotspot\src\share\vm\prims\jni.cpp, line 709]

Events (10 events):
Event: 121.649 Thread 0x157e3000 flushing nmethod 0x02e22fc8
Event: 121.649 Thread 0x157e3000 flushing nmethod 0x02e24448
Event: 121.649 Thread 0x157e3000 flushing nmethod 0x02e24608
Event: 121.649 Thread 0x157e3000 flushing nmethod 0x02e247c8
Event: 121.649 Thread 0x157e3000 flushing nmethod 0x02e24988
Event: 121.649 Thread 0x157e3000 flushing nmethod 0x02e25248
Event: 121.649 Thread 0x157e3000 flushing nmethod 0x02e25548
Event: 121.649 Thread 0x157e3000 flushing nmethod 0x02e25708
Event: 121.649 Executing VM operation: RevokeBias
Event: 121.649 Executing VM operation: RevokeBias done


Dynamic libraries:
0x00120000 - 0x00153000 	C:\Program Files (x86)\Java\jdk1.8.0_151\bin\java.exe
0x77570000 - 0x776f3000 	C:\WINDOWS\SYSTEM32\ntdll.dll
0x744a0000 - 0x74580000 	C:\WINDOWS\System32\KERNEL32.DLL
0x77300000 - 0x774a1000 	C:\WINDOWS\System32\KERNELBASE.dll
0x70ec0000 - 0x70f52000 	C:\WINDOWS\system32\apphelp.dll
0x76c80000 - 0x76cf7000 	C:\WINDOWS\System32\ADVAPI32.dll
0x74bc0000 - 0x74c7e000 	C:\WINDOWS\System32\msvcrt.dll
0x76c30000 - 0x76c71000 	C:\WINDOWS\System32\sechost.dll
0x771e0000 - 0x772a1000 	C:\WINDOWS\System32\RPCRT4.dll
0x74030000 - 0x7404e000 	C:\WINDOWS\System32\SspiCli.dll
0x74020000 - 0x7402a000 	C:\WINDOWS\System32\CRYPTBASE.dll
0x754d0000 - 0x7552a000 	C:\WINDOWS\System32\bcryptPrimitives.dll
0x74c80000 - 0x74ddf000 	C:\WINDOWS\System32\USER32.dll
0x76bd0000 - 0x76be5000 	C:\WINDOWS\System32\win32u.dll
0x771b0000 - 0x771db000 	C:\WINDOWS\System32\GDI32.dll
0x74340000 - 0x7449b000 	C:\WINDOWS\System32\gdi32full.dll
0x72830000 - 0x72a3a000 	C:\WINDOWS\WinSxS\x86_microsoft.windows.common-controls_6595b64144ccf1df_6.0.14393.953_none_89c2555adb023171\COMCTL32.dll
0x755d0000 - 0x757e1000 	C:\WINDOWS\System32\combase.dll
0x74940000 - 0x74a20000 	C:\WINDOWS\System32\ucrtbase.dll
0x74250000 - 0x74275000 	C:\WINDOWS\System32\IMM32.DLL
0x67b60000 - 0x67bca000 	C:\Program Files (x86)\McAfee\Endpoint Security\Threat Prevention\Ips\EpMPApi.dll
0x74860000 - 0x748a4000 	C:\WINDOWS\System32\WINTRUST.dll
0x75350000 - 0x7535e000 	C:\WINDOWS\System32\MSASN1.dll
0x740c0000 - 0x7423d000 	C:\WINDOWS\System32\CRYPT32.dll
0x71830000 - 0x71839000 	C:\Program Files (x86)\McAfee\Endpoint Security\Threat Prevention\Ips\EpMPThe.dll
0x67b30000 - 0x67b60000 	C:\Program Files (x86)\McAfee\Endpoint Security\Threat Prevention\Ips\HIPHandlers.dll
0x774b0000 - 0x774b6000 	C:\WINDOWS\System32\PSAPI.DLL
0x774c0000 - 0x77506000 	C:\WINDOWS\System32\SHLWAPI.dll
0x757f0000 - 0x76bc8000 	C:\WINDOWS\System32\SHELL32.dll
0x74280000 - 0x742b6000 	C:\WINDOWS\System32\cfgmgr32.dll
0x74de0000 - 0x7534e000 	C:\WINDOWS\System32\windows.storage.dll
0x772b0000 - 0x772f5000 	C:\WINDOWS\System32\powrprof.dll
0x76bf0000 - 0x76bfd000 	C:\WINDOWS\System32\kernel.appcore.dll
0x748b0000 - 0x74938000 	C:\WINDOWS\System32\shcore.dll
0x76d90000 - 0x76d9f000 	C:\WINDOWS\System32\profapi.dll
0x74050000 - 0x740b3000 	C:\WINDOWS\System32\WS2_32.dll
0x78160000 - 0x7821f000 	C:\Program Files (x86)\Java\jdk1.8.0_151\jre\bin\msvcr100.dll
0x6c330000 - 0x6c6fe000 	C:\Program Files (x86)\Java\jdk1.8.0_151\jre\bin\client\jvm.dll
0x716f0000 - 0x716f8000 	C:\WINDOWS\SYSTEM32\WSOCK32.dll
0x6cf10000 - 0x6cf34000 	C:\WINDOWS\SYSTEM32\WINMM.dll
0x74010000 - 0x74018000 	C:\WINDOWS\SYSTEM32\VERSION.dll
0x6c820000 - 0x6c843000 	C:\WINDOWS\SYSTEM32\WINMMBASE.dll
0x68f80000 - 0x68f8c000 	C:\Program Files (x86)\Java\jdk1.8.0_151\jre\bin\verify.dll
0x67bd0000 - 0x67bf1000 	C:\Program Files (x86)\Java\jdk1.8.0_151\jre\bin\java.dll
0x52dd0000 - 0x52df0000 	C:\Program Files (x86)\Java\jdk1.8.0_151\jre\bin\instrument.dll
0x562d0000 - 0x562e4000 	C:\Program Files (x86)\Java\jdk1.8.0_151\jre\bin\zip.dll
0x02d40000 - 0x02d56000 	C:\Program Files\JetBrains\IntelliJ IDEA 2017.2.5\bin\breakgen.dll
0x52d30000 - 0x52d46000 	C:\Program Files (x86)\Java\jdk1.8.0_151\jre\bin\net.dll
0x738c0000 - 0x7390e000 	C:\WINDOWS\system32\mswsock.dll
0x67a00000 - 0x67a0a000 	C:\Program Files (x86)\Java\jdk1.8.0_151\jre\bin\management.dll
0x68f70000 - 0x68f7f000 	C:\Program Files (x86)\Java\jdk1.8.0_151\jre\bin\nio.dll
0x73870000 - 0x73882000 	C:\WINDOWS\system32\napinsp.dll
0x73850000 - 0x73866000 	C:\WINDOWS\system32\pnrpnsp.dll
0x73830000 - 0x73844000 	C:\WINDOWS\system32\NLAapi.dll
0x73750000 - 0x737cd000 	C:\WINDOWS\SYSTEM32\DNSAPI.dll
0x74240000 - 0x74247000 	C:\WINDOWS\System32\NSI.dll
0x73fe0000 - 0x7400f000 	C:\WINDOWS\SYSTEM32\IPHLPAPI.DLL
0x73710000 - 0x7371c000 	C:\WINDOWS\System32\winrnr.dll
0x736d0000 - 0x736e1000 	C:\WINDOWS\System32\wshbth.dll
0x734f0000 - 0x734f8000 	C:\Windows\System32\rasadhlp.dll
0x73570000 - 0x735b9000 	C:\WINDOWS\System32\fwpuclnt.dll
0x73720000 - 0x7373b000 	C:\WINDOWS\SYSTEM32\bcrypt.dll
0x730e0000 - 0x730f3000 	C:\WINDOWS\SYSTEM32\CRYPTSP.dll
0x730b0000 - 0x730df000 	C:\WINDOWS\system32\rsaenh.dll
0x73a00000 - 0x73a1a000 	C:\WINDOWS\SYSTEM32\USERENV.dll
0x73890000 - 0x738a3000 	C:\WINDOWS\SYSTEM32\dhcpcsvc6.DLL
0x73af0000 - 0x73b04000 	C:\WINDOWS\SYSTEM32\dhcpcsvc.DLL
0x70290000 - 0x702b0000 	C:\Program Files (x86)\Java\jdk1.8.0_151\jre\bin\sunec.dll
0x56520000 - 0x56529000 	C:\Program Files (x86)\Java\jdk1.8.0_151\jre\bin\sunmscapi.dll
0x28e80000 - 0x29142000 	C:\ProgramData\ABBYY\SDK\11\FineReader Engine\Java\com.abbyy.FREngine-1.0.0\win\x86\FREngine.Jni.dll
0x74770000 - 0x7485c000 	C:\WINDOWS\System32\ole32.dll
0x74670000 - 0x74704000 	C:\WINDOWS\System32\OLEAUT32.dll
0x742c0000 - 0x7433b000 	C:\WINDOWS\System32\msvcp_win.dll
0x717a0000 - 0x71815000 	C:\WINDOWS\system32\uxtheme.dll
0x28200000 - 0x287f7000 	C:\Program Files (x86)\ABBYY SDK\11\FlexiCapture Engine\Bin\FREngine.dll
0x2d520000 - 0x2d5a8000 	C:\Program Files (x86)\ABBYY SDK\11\FlexiCapture Engine\Bin\FineObj.dll
0x2d5b0000 - 0x2d602000 	C:\Program Files (x86)\ABBYY SDK\11\FlexiCapture Engine\Bin\FineNet.dll
0x2be00000 - 0x2c0ce000 	C:\Program Files (x86)\ABBYY SDK\11\FlexiCapture Engine\Bin\LangInfoUnicode.dll
0x73cc0000 - 0x73d63000 	C:\WINDOWS\WinSxS\x86_microsoft.vc90.crt_1fc8b3b9a1e18e3b_9.0.30729.9247_none_5090cb78bcba4a35\MSVCR90.dll
0x2e160000 - 0x2e17c000 	C:\Program Files (x86)\ABBYY SDK\11\FlexiCapture Engine\Bin\DocumentAnalysis.Objects.dll
0x76d00000 - 0x76d84000 	C:\WINDOWS\System32\clbcatq.dll
0x65a80000 - 0x65bee000 	C:\WINDOWS\system32\windowscodecs.dll
0x6f3c0000 - 0x6f50f000 	C:\WINDOWS\system32\propsys.dll
0x73c90000 - 0x73cb8000 	C:\WINDOWS\SYSTEM32\ntmarta.dll
0x64d60000 - 0x64de5000 	C:\WINDOWS\SYSTEM32\mscms.dll
0x737d0000 - 0x73827000 	C:\WINDOWS\System32\msv1_0.DLL
0x73740000 - 0x7374b000 	C:\WINDOWS\SYSTEM32\NtlmShared.dll
0x736f0000 - 0x73702000 	C:\WINDOWS\SYSTEM32\cryptdll.dll
0x2ff80000 - 0x2ffc1000 	c:\program files (x86)\abbyy sdk\11\flexicapture engine\bin\protectionres0.dll
0x27360000 - 0x2736e000 	c:\program files (x86)\abbyy sdk\11\flexicapture engine\bin\frengine0.dll
0x2b160000 - 0x2b17f000 	c:\program files (x86)\abbyy sdk\11\flexicapture engine\bin\morphores0.dll
0x2a7a0000 - 0x2a7f0000 	c:\program files (x86)\abbyy sdk\11\flexicapture engine\bin\techresources0.dll
0x2f9d0000 - 0x2fbd4000 	c:\program files (x86)\abbyy sdk\11\flexicapture engine\bin\protection.developer.dll
0x1a3c0000 - 0x1a3ec000 	c:\program files (x86)\abbyy sdk\11\flexicapture engine\bin\AbbyyZlib.dll
0x73d70000 - 0x73fd6000 	C:\WINDOWS\SYSTEM32\WININET.dll
0x73170000 - 0x7317f000 	C:\WINDOWS\SYSTEM32\WTSAPI32.dll
0x2ffd0000 - 0x2fff0000 	c:\program files (x86)\abbyy sdk\11\flexicapture engine\bin\protectionresshared.dll
0x2b280000 - 0x2b3b4000 	c:\program files (x86)\abbyy sdk\11\flexicapture engine\bin\textlayout.dll
0x2c320000 - 0x2c7f6000 	c:\program files (x86)\abbyy sdk\11\flexicapture engine\bin\image.services.core.dll
0x2d290000 - 0x2d2a4000 	c:\program files (x86)\abbyy sdk\11\flexicapture engine\bin\image.codec.abbyylossless.dll
0x2d270000 - 0x2d285000 	c:\program files (x86)\abbyy sdk\11\flexicapture engine\bin\image.codec.ccitt.dll
0x2d1e0000 - 0x2d263000 	c:\program files (x86)\abbyy sdk\11\flexicapture engine\bin\image.codec.jbig2.dll
0x2d1b0000 - 0x2d1d6000 	c:\program files (x86)\abbyy sdk\11\flexicapture engine\bin\image.codec.jpeg.dll
0x2d190000 - 0x2d19d000 	c:\program files (x86)\abbyy sdk\11\flexicapture engine\bin\image.codec.lzw.dll
0x2d170000 - 0x2d17a000 	c:\program files (x86)\abbyy sdk\11\flexicapture engine\bin\image.codec.packbits.dll
0x2d150000 - 0x2d165000 	c:\program files (x86)\abbyy sdk\11\flexicapture engine\bin\image.codec.zip.dll
0x2d120000 - 0x2d13f000 	c:\program files (x86)\abbyy sdk\11\flexicapture engine\bin\image.format.bmp.dll
0x2d100000 - 0x2d113000 	c:\program files (x86)\abbyy sdk\11\flexicapture engine\bin\image.format.djvu.dll
0x2d0d0000 - 0x2d0eb000 	c:\program files (x86)\abbyy sdk\11\flexicapture engine\bin\image.format.gif.dll
0x2d0b0000 - 0x2d0bd000 	c:\program files (x86)\abbyy sdk\11\flexicapture engine\bin\image.format.jbig2.dll
0x2d070000 - 0x2d0a0000 	c:\program files (x86)\abbyy sdk\11\flexicapture engine\bin\image.format.jpeg.dll
0x2d010000 - 0x2d064000 	c:\program files (x86)\abbyy sdk\11\flexicapture engine\bin\image.format.jpeg2k.dll
0x2cfe0000 - 0x2d001000 	c:\program files (x86)\abbyy sdk\11\flexicapture engine\bin\image.format.pcx.dll
0x2ce70000 - 0x2cfd1000 	c:\program files (x86)\abbyy sdk\11\flexicapture engine\bin\image.format.pdf.dll
0x2ce20000 - 0x2ce5c000 	c:\program files (x86)\abbyy sdk\11\flexicapture engine\bin\image.format.png.dll
0x2cdb0000 - 0x2ce0d000 	c:\program files (x86)\abbyy sdk\11\flexicapture engine\bin\image.format.tiff.dll
0x2cd20000 - 0x2cd9a000 	c:\program files (x86)\abbyy sdk\11\flexicapture engine\bin\image.format.wdp.dll
0x2ccf0000 - 0x2cd14000 	c:\program files (x86)\abbyy sdk\11\flexicapture engine\bin\image.format.wic.dll
0x2c960000 - 0x2c995000 	c:\program files (x86)\abbyy sdk\11\flexicapture engine\bin\Image.Helper.Pdf.dll
0x211b0000 - 0x21827000 	c:\program files (x86)\abbyy sdk\11\flexicapture engine\bin\DL100PDFL.dll
0x23b30000 - 0x23bdb000 	c:\program files (x86)\abbyy sdk\11\flexicapture engine\bin\DL100JP2KLib.dll
0x23360000 - 0x233c6000 	c:\program files (x86)\abbyy sdk\11\flexicapture engine\bin\DL100AdobeXMP.dll
0x24c60000 - 0x24c92000 	c:\program files (x86)\abbyy sdk\11\flexicapture engine\bin\DL100BIB.dll
0x26480000 - 0x264c0000 	c:\program files (x86)\abbyy sdk\11\flexicapture engine\bin\DL100BIBUtils.dll
0x1ba50000 - 0x1bff1000 	c:\program files (x86)\abbyy sdk\11\flexicapture engine\bin\DL100AGM.dll
0x2b740000 - 0x2ba41000 	c:\program files (x86)\abbyy sdk\11\flexicapture engine\bin\DL100CoolType.dll
0x6ce60000 - 0x6ce76000 	C:\WINDOWS\SYSTEM32\MPR.dll
0x1ac90000 - 0x1acbe000 	c:\program files (x86)\abbyy sdk\11\flexicapture engine\bin\DL100AXE8SharedExpat.dll

VM Arguments:
jvm_args: -XX:TieredStopAtLevel=1 -Xverify:none -Dspring.output.ansi.enabled=always -Dcom.sun.management.jmxremote -Dcom.sun.management.jmxremote.port=56450 -Dcom.sun.management.jmxremote.authenticate=false -Dcom.sun.management.jmxremote.ssl=false -Dspring.liveBeansView.mbeanDomain -Dspring.application.admin.enabled=true -javaagent:C:\Program Files\JetBrains\IntelliJ IDEA 2017.2.5\lib\idea_rt.jar=56451:C:\Program Files\JetBrains\IntelliJ IDEA 2017.2.5\bin -Dfile.encoding=UTF-8 
java_command: com.everis.RestApp
java_class_path (initial): C:\Program Files (x86)\Java\jdk1.8.0_151\lib\ant-javafx.jar;C:\Program Files (x86)\Java\jdk1.8.0_151\lib\dt.jar;C:\Program Files (x86)\Java\jdk1.8.0_151\lib\javafx-mx.jar;C:\Program Files (x86)\Java\jdk1.8.0_151\lib\jconsole.jar;C:\Program Files (x86)\Java\jdk1.8.0_151\lib\packager.jar;C:\Program Files (x86)\Java\jdk1.8.0_151\lib\sa-jdi.jar;C:\Program Files (x86)\Java\jdk1.8.0_151\lib\tools.jar;C:\ProjecteOCR\ocrservice\restocrservice\target\classes;C:\Users\saguilaa\.m2\repository\org\springframework\boot\spring-boot-starter\1.5.8.RELEASE\spring-boot-starter-1.5.8.RELEASE.jar;C:\Users\saguilaa\.m2\repository\org\springframework\boot\spring-boot\1.5.8.RELEASE\spring-boot-1.5.8.RELEASE.jar;C:\Users\saguilaa\.m2\repository\org\springframework\boot\spring-boot-starter-logging\1.5.8.RELEASE\spring-boot-starter-logging-1.5.8.RELEASE.jar;C:\Users\saguilaa\.m2\repository\ch\qos\logback\logback-classic\1.1.11\logback-classic-1.1.11.jar;C:\Users\saguilaa\.m2\repository\ch\qos\logback\logback-core\1.1.11\logback-core-1.1.11.jar;C:\Users\saguilaa\.m2\repository\org\slf4j\slf4j-api\1.7.22\slf4j-api-1.7.22.jar;C:\Users\saguilaa\.m2\repository\org\slf4j\jcl-over-slf4j\1.7.25\jcl-over-slf4j-1.7.25.jar;C:\Users\saguilaa\.m2\repository\org\slf4j\jul-to-slf4j\1.7.25\jul-to-slf4j-1.7.25.jar;C:\Users\saguilaa\.m2\repository\org\slf4j\log4j-over-slf4j\1.7.25\log4j-over-slf4j-1.7.25.jar;C:\Users\saguilaa\.m2\repository\org\springframework\spring-core\4.3.12.RELEASE\spring-core-4.3.12.RELEASE.jar;C:\Users\saguilaa\.m2\repository\org\yaml\snakeyaml\1.17\snakeyaml-1.17.jar;C:\Users\saguilaa\.m2\repository\org\springframework\spring-web\4.3.12.RELEASE\spring-web-4.3.12.RELEASE.jar;C:\Users\saguilaa\.m2\repository\org\springframework\spring-aop\4.3.12.RELEASE\spring-aop-4.3.12.RELEASE.jar;C:\Users\saguilaa\.m2\repository\org\springframework\spring-beans\4.3.12.RELEASE\spring-beans-4.3.12.RELEASE.jar;C:\Users\saguilaa\.m2\repository\org\springframework\spring-conte
Launcher Type: SUN_STANDARD

Environment Variables:
JAVA_HOME=C:\Program Files\Java\jdk1.8.0_151
PATH=C:\ProgramData\Oracle\Java\javapath;C:\WINDOWS\system32;C:\WINDOWS;C:\WINDOWS\System32\Wbem;C:\WINDOWS\System32\WindowsPowerShell\v1.0\;C:\Program Files (x86)\Microsoft SQL Server\Client SDK\ODBC\130\Tools\Binn\;C:\Program Files (x86)\Microsoft SQL Server\140\Tools\Binn\;C:\Program Files (x86)\Microsoft SQL Server\140\DTS\Binn\;C:\Program Files (x86)\Microsoft SQL Server\140\Tools\Binn\ManagementStudio\;C:\Program Files\Microsoft SQL Server\Client SDK\ODBC\110\Tools\Binn\;C:\Program Files (x86)\Microsoft SQL Server\120\Tools\Binn\;C:\Program Files\Microsoft SQL Server\120\Tools\Binn\;C:\Program Files\Microsoft SQL Server\120\DTS\Binn\;C:\Program Files\apache-maven-3.5.2\bin
USERNAME=saguilaa
OS=Windows_NT
PROCESSOR_IDENTIFIER=Intel64 Family 6 Model 61 Stepping 4, GenuineIntel



---------------  S Y S T E M  ---------------

OS: Windows 10.0 , 64 bit Build 14393 (10.0.14393.1198)

CPU:total 4 (initial active 4) (2 cores per cpu, 2 threads per core) family 6 model 61 stepping 4, cmov, cx8, fxsr, mmx, sse, sse2, sse3, ssse3, sse4.1, sse4.2, popcnt, avx, avx2, aes, clmul, erms, rtm, 3dnowpref, lzcnt, ht, tsc, tscinvbit, bmi1, bmi2, adx

Memory: 4k page, physical 8276624k(1954236k free), swap 14375116k(3473144k free)

vm_info: Java HotSpot(TM) Client VM (25.151-b12) for windows-x86 JRE (1.8.0_151-b12), built on Sep  5 2017 19:31:49 by "java_re" with MS VC++ 10.0 (VS2010)

time: Tue Jan 16 13:05:15 2018
elapsed time: 121 seconds (0d 0h 2m 1s)

